2025-12-15 17:37:04 - Array
(
    [name] => Заведеев Алексей Александрович
    [email] => al@mail.ru
    [phone] => 89994444545
    [message] => фыв
)

2025-12-15 17:38:11 - Array
(
    [name] => Заведеев Алексей Александрович
    [email] => al@mail.ru
    [phone] => 89994444545
    [message] => Нужно связаться с менеджером для обсуждение оптовой закупки товара
)

2025-12-18 14:24:35 - Array
(
    [name] => Заведеев Алексей Александрович
    [email] => al@mail.ru
    [phone] => 89994444545
    [message] => 1321321321
)

2026-03-09 20:03:39 - Array
(
    [name] => admin admin admin
    [email] => admin@mail.ru
    [phone] => 112
    [message] => Что  у вас тут происходит!?
)

2026-04-02 11:54:38 - Array
(
    [name] => admin admin admin
    [email] => admin@mail.ru
    [phone] => 
    [message] => text, text, text, text, text, text, text, text, text, text, text, text, text, text, text, text, text, text, text, text, text, text, text, text, text, text, text, text, text, text, text, text, text, text, text, text, text, text, text, text, text, text, text, text, text, text, text, text, text, text, text, text, text, text, text, text, text, text, text, text, text, text, text, text, text, text, text, text, text, text, text, text, text, text, text, text, text, text, text, text, text, text, text, text, text, text, text, text, text, text, text, text, text, text, text, text, text, text, text, text, text, text, text, text, text, text, text, text, text, text, text, text, text, text, text, text, text, text, text, text, text, text, text, text, text, text, text, text, text, text, text, text, text, text, text, text, text, text, text, text, text, text, text, text,
)

