2026-03-06 20:46:10 - Начало обработки login.php
OPTIONS запрос
2026-03-06 20:46:10 - Начало обработки login.php
Получены данные: {"email":"admin@mail.ru","password":"admin"}
2026-03-07 18:35:27 - Начало обработки login.php
OPTIONS запрос
2026-03-07 18:35:27 - Начало обработки login.php
Получены данные: {"email":"admin@mail.ru","password":"admin"}
2026-03-09 15:35:19 - Начало обработки login.php
OPTIONS запрос
2026-03-09 15:35:19 - Начало обработки login.php
Получены данные: {"email":"admin@mail.ru","password":"admin"}
2026-03-09 15:35:28 - Начало обработки login.php
OPTIONS запрос
2026-03-09 15:35:28 - Начало обработки login.php
Получены данные: {"email":"admin@mail.ru","password":"admin"}
2026-03-09 18:18:42 - Начало обработки login.php
OPTIONS запрос
2026-03-09 18:18:42 - Начало обработки login.php
Получены данные: {"email":"admin@mail.ru","password":"admin"}
2026-03-09 20:16:25 - Начало обработки login.php
OPTIONS запрос
2026-03-09 20:16:25 - Начало обработки login.php
Получены данные: {"email":"admin@mail.ru","password":"фвьшт"}
2026-03-09 20:16:41 - Начало обработки login.php
OPTIONS запрос
2026-03-09 20:16:41 - Начало обработки login.php
Получены данные: {"email":"admin@mail.ru","password":"фвьшт"}
2026-03-09 20:16:46 - Начало обработки login.php
OPTIONS запрос
2026-03-09 20:16:46 - Начало обработки login.php
Получены данные: {"email":"admin@mail.ru","password":"фвьшт"}
2026-03-09 20:17:03 - Начало обработки login.php
OPTIONS запрос
2026-03-09 20:17:03 - Начало обработки login.php
Получены данные: {"email":"admin@mail.ru","password":"фвьштт"}
2026-03-09 20:17:07 - Начало обработки login.php
Получены данные: {"email":"admin@mail.ru","password":"admin"}
2026-03-09 20:54:20 - Начало обработки login.php
OPTIONS запрос
2026-03-09 20:54:20 - Начало обработки login.php
Получены данные: {"email":"root@mail.ru","password":"123123"}
2026-03-09 21:03:01 - Начало обработки login.php
OPTIONS запрос
2026-03-09 21:03:01 - Начало обработки login.php
Получены данные: {"email":"admin@mail.ru","password":"admin"}
2026-03-10 20:00:31 - Начало обработки login.php
OPTIONS запрос
2026-03-10 20:00:31 - Начало обработки login.php
Получены данные: {"email":"admin@mail.ru","password":"admin"}
2026-03-10 20:34:00 - Начало обработки login.php
OPTIONS запрос
2026-03-10 20:34:00 - Начало обработки login.php
Получены данные: {"email":"root@mail.ru","password":"123123"}
2026-04-01 17:02:41 - Начало обработки login.php
OPTIONS запрос
2026-04-01 17:02:41 - Начало обработки login.php
Получены данные: {"email":"admin@mail.ru","password":"admin"}
2026-04-01 17:06:17 - Начало обработки login.php
OPTIONS запрос
2026-04-01 17:06:17 - Начало обработки login.php
Получены данные: {"email":"admin@mail.ru","password":"admin"}
2026-04-02 11:47:18 - Начало обработки login.php
OPTIONS запрос
2026-04-02 11:47:18 - Начало обработки login.php
Получены данные: {"email":"admin@mail.ru","password":"admin"}
2026-04-02 11:49:57 - Начало обработки login.php
OPTIONS запрос
2026-04-02 11:49:57 - Начало обработки login.php
Получены данные: {"email":"admin@mail.ru","password":"admin"}
2026-04-02 15:17:41 - Начало обработки login.php
OPTIONS запрос
2026-04-02 15:17:41 - Начало обработки login.php
Получены данные: {"email":"admin@mail.ru","password":"admin"}
2026-04-03 10:32:19 - Начало обработки login.php
OPTIONS запрос
2026-04-03 10:32:19 - Начало обработки login.php
Получены данные: {"email":"admin@mail.ru","password":"admin"}
2026-04-05 13:54:22 - Начало обработки login.php
OPTIONS запрос
2026-04-05 13:54:22 - Начало обработки login.php
Получены данные: {"email":"admin@mail.ru","password":"admin"}
2026-04-05 14:17:10 - Начало обработки login.php
OPTIONS запрос
2026-04-05 14:17:10 - Начало обработки login.php
Получены данные: {"email":"admin@mail.ru","password":"admin"}
2026-04-05 14:18:27 - Начало обработки login.php
OPTIONS запрос
2026-04-05 14:18:27 - Начало обработки login.php
Получены данные: {"email":"al@mail.ru","password":"123321"}
2026-04-05 14:20:12 - Начало обработки login.php
OPTIONS запрос
2026-04-05 14:20:12 - Начало обработки login.php
Получены данные: {"email":"admin@mail.ru","password":"admin"}
2026-04-05 14:54:28 - Начало обработки login.php
OPTIONS запрос
2026-04-05 14:54:28 - Начало обработки login.php
Получены данные: {"email":"al@mail.ru","password":"123321"}
2026-04-06 16:27:28 - Начало обработки login.php
OPTIONS запрос
2026-04-06 16:27:28 - Начало обработки login.php
Получены данные: {"email":"admin@mail.ru","password":"admin"}
2026-04-11 20:04:34 - Начало обработки login.php
OPTIONS запрос
2026-04-11 20:04:34 - Начало обработки login.php
Получены данные: {"email":"al@mail.ru","password":"123321"}
2026-04-12 19:39:58 - Начало обработки login.php
OPTIONS запрос
2026-04-12 19:39:58 - Начало обработки login.php
Получены данные: {"email":"admin@mail.ru","password":"admin"}
2026-04-12 19:43:12 - Начало обработки login.php
OPTIONS запрос
2026-04-12 19:43:12 - Начало обработки login.php
Получены данные: {"email":"admin@mail.ru","password":"admin"}
2026-04-22 11:51:26 - Начало обработки login.php
OPTIONS запрос
2026-04-22 11:51:26 - Начало обработки login.php
Получены данные: {"email":"al@mail.ru","password":"123321"}
2026-04-22 11:53:09 - Начало обработки login.php
OPTIONS запрос
2026-04-22 11:53:09 - Начало обработки login.php
Получены данные: {"email":"admin@mail.ru","password":"admin"}
2026-04-29 23:18:41 - Начало обработки login.php
OPTIONS запрос
2026-04-29 23:18:41 - Начало обработки login.php
Получены данные: {"email":"admin@mail.ru","password":"admin"}
2026-04-30 12:27:25 - Начало обработки login.php
OPTIONS запрос
2026-04-30 12:27:25 - Начало обработки login.php
Получены данные: {"email":"al@mail.ru","password":"123321"}
2026-05-02 23:52:25 - Начало обработки login.php
OPTIONS запрос
2026-05-02 23:52:25 - Начало обработки login.php
Получены данные: {"email":"admin@mail.ru","password":"admin"}
2026-05-12 18:43:07 - Начало обработки login.php
OPTIONS запрос
2026-05-12 18:43:07 - Начало обработки login.php
Получены данные: {"email":"al@mail.ru","password":"123321"}
2026-05-18 09:48:57 - Начало обработки login.php
OPTIONS запрос
2026-05-18 09:48:57 - Начало обработки login.php
Получены данные: {"email":"admin@mail.ru","password":"admin"}
