2025-12-16 17:28:21 - Array
(
    [name] => Заведеев Алексей Александрович
    [face] => 2
    [email] => al@mail.ru
    [phone] => 89994444545
    [password] => 123123
)

2025-12-16 17:28:21 - Array
(
    [name] => Заведеев Алексей Александрович
    [face] => 2
    [email] => al@mail.ru
    [phone] => 89994444545
    [password] => 123123
)

2025-12-16 17:28:21 - Array
(
    [name] => Заведеев Алексей Александрович
    [face] => 2
    [email] => al@mail.ru
    [phone] => 89994444545
    [password] => 123123
)

2025-12-16 17:28:21 - Array
(
    [name] => Заведеев Алексей Александрович
    [face] => 2
    [email] => al@mail.ru
    [phone] => 89994444545
    [password] => 123123
)

2025-12-16 17:28:44 - Array
(
    [name] => Заведеев Алексей Александрович
    [face] => 1
    [email] => al@mail.ru
    [phone] => 89994444545
    [password] => 123123
)

2025-12-16 17:28:44 - Array
(
    [name] => Заведеев Алексей Александрович
    [face] => 1
    [email] => al@mail.ru
    [phone] => 89994444545
    [password] => 123123
)

2025-12-16 17:28:44 - Array
(
    [name] => Заведеев Алексей Александрович
    [face] => 1
    [email] => al@mail.ru
    [phone] => 89994444545
    [password] => 123123
)

2025-12-16 17:28:44 - Array
(
    [name] => Заведеев Алексей Александрович
    [face] => 1
    [email] => al@mail.ru
    [phone] => 89994444545
    [password] => 123123
)

2025-12-16 17:29:07 - Array
(
    [name] => Заведеев Алексей Александрович
    [face] => 1
    [email] => al33@mail.ru
    [phone] => 89994444545
    [password] => 123123
)

2025-12-16 17:29:07 - Array
(
    [name] => Заведеев Алексей Александрович
    [face] => 1
    [email] => al33@mail.ru
    [phone] => 89994444545
    [password] => 123123
)

2025-12-16 17:29:07 - Array
(
    [name] => Заведеев Алексей Александрович
    [face] => 1
    [email] => al33@mail.ru
    [phone] => 89994444545
    [password] => 123123
)

2025-12-16 17:29:07 - Array
(
    [name] => Заведеев Алексей Александрович
    [face] => 1
    [email] => al33@mail.ru
    [phone] => 89994444545
    [password] => 123123
)

2025-12-16 17:50:51 - Array
(
    [name] => Заведеев Алексей Александрович
    [face] => 1
    [email] => al@mail.ru
    [phone] => 89994444545
    [password] => 123123
)

2025-12-16 18:03:20 - Array
(
    [name] => Заведеев Алексей Александрович
    [face] => 1
    [email] => al@mail.ru
    [phone] => 89994444545
    [password] => 123123
)

2025-12-16 18:03:25 - Array
(
    [name] => Заведеев Алексей Александрович
    [face] => 1
    [email] => al33@mail.ru
    [phone] => 89994444545
    [password] => 123123
)

2025-12-16 18:04:41 - Array
(
    [name] => Заведеев Алексей Александрович
    [face] => 2
    [email] => asd@mail.ru
    [phone] => 89994444545
    [password] => 123123
)

2025-12-16 18:04:46 - Array
(
    [name] => Заведеев Алексей Александрович
    [face] => 2
    [email] => asd123@mail.ru
    [phone] => 89994444545
    [password] => 123123
)

